<?xml version="1.0" encoding="UTF-8"?>
<testsuite xmlns:xsi="http://www.w3.org/2001/XMLSchema-instance" xsi:noNamespaceSchemaLocation="https://maven.apache.org/surefire/maven-surefire-plugin/xsd/surefire-test-report.xsd" name="com.itheima.TliasWebManagementApplicationTests" time="0.467" tests="3" errors="1" skipped="0" failures="0">
  <properties>
[...]
</properties>
  <testcase name="testUuid" classname="com.itheima.TliasWebManagementApplicationTests" time="0.128"/>
  <testcase name="testGenJwt" classname="com.itheima.TliasWebManagementApplicationTests" time="0.296"/>
  <testcase name="testParseJwt" classname="com.itheima.TliasWebManagementApplicationTests" time="0.031">
    <error message="JWT expired at 2022-12-08T09:55:47Z. Current time: 2024-03-03T23:24:10Z, a difference of 39014903540 milliseconds.  Allowed clock skew: 0 milliseconds." type="io.jsonwebtoken.ExpiredJwtException">io.jsonwebtoken.ExpiredJwtException: JWT expired at 2022-12-08T09:55:47Z. Current time: 2024-03-03T23:24:10Z, a difference of 39014903540 milliseconds.  Allowed clock skew: 0 milliseconds.
	at com.itheima.TliasWebManagementApplicationTests.testParseJwt(TliasWebManagementApplicationTests.java:51)
</error>
  </testcase>
</testsuite>